#
# There is insufficient memory for the Java Runtime Environment to continue.
# Native memory allocation (malloc) failed to allocate 1048576 bytes for AllocateHeap
# Possible reasons:
#   The system is out of physical RAM or swap space
#   The process is running with CompressedOops enabled, and the Java Heap may be blocking the growth of the native heap
# Possible solutions:
#   Reduce memory load on the system
#   Increase physical memory or swap space
#   Check if swap backing store is full
#   Decrease Java heap size (-Xmx/-Xms)
#   Decrease number of Java threads
#   Decrease Java thread stack sizes (-Xss)
#   Set larger code cache with -XX:ReservedCodeCacheSize=
#   JVM is running with Unscaled Compressed Oops mode in which the Java heap is
#     placed in the first 4GB address space. The Java Heap base address is the
#     maximum limit for the native heap growth. Please use -XX:HeapBaseMinAddress
#     to set the Java Heap base and to place the Java Heap above 4GB virtual address.
# This output file may be truncated or incomplete.
#
#  Out of Memory Error (memory/allocation.inline.hpp:61), pid=12912, tid=0x00000000000028a8
#
# JRE version:  (8.0_261-b12) (build )
# Java VM: Java HotSpot(TM) 64-Bit Server VM (25.261-b12 mixed mode windows-amd64 compressed oops)
# Failed to write core dump. Minidumps are not enabled by default on client versions of Windows
#

---------------  T H R E A D  ---------------

Current thread (0x0000014bddd51800):  JavaThread "Unknown thread" [_thread_in_vm, id=10408, stack(0x0000002a82800000,0x0000002a82900000)]

Stack: [0x0000002a82800000,0x0000002a82900000]
Native frames: (J=compiled Java code, j=interpreted, Vv=VM code, C=native code)
V  [jvm.dll+0x33e5f9]
V  [jvm.dll+0x2850e2]
V  [jvm.dll+0x285d8d]
V  [jvm.dll+0x27c895]
V  [jvm.dll+0x1565d]
V  [jvm.dll+0x3e2507]
V  [jvm.dll+0x3e2ef8]
V  [jvm.dll+0x10c61f]
V  [jvm.dll+0x21a00b]
V  [jvm.dll+0x248687]
V  [jvm.dll+0x172116]
C  [javaw.exe+0x2322]
C  [javaw.exe+0x16564]
C  [KERNEL32.DLL+0x17034]
C  [ntdll.dll+0x4d241]


---------------  P R O C E S S  ---------------

Java Threads: ( => current thread )

Other Threads:

=>0x0000014bddd51800 (exited) JavaThread "Unknown thread" [_thread_in_vm, id=10408, stack(0x0000002a82800000,0x0000002a82900000)]

VM state:not at safepoint (normal execution)

VM Mutex/Monitor currently owned by a thread: None

heap address: 0x00000000c1400000, size: 1004 MB, Compressed Oops mode: 32-bit
Narrow klass base: 0x0000000000000000, Narrow klass shift: 3
Compressed class space size: 1073741824 Address: 0x0000000100000000

Heap:
 PSYoungGen      total 18944K, used 327K [0x00000000eb180000, 0x00000000ec680000, 0x0000000100000000)
  eden space 16384K, 2% used [0x00000000eb180000,0x00000000eb1d1ec8,0x00000000ec180000)
  from space 2560K, 0% used [0x00000000ec400000,0x00000000ec400000,0x00000000ec680000)
  to   space 2560K, 0% used [0x00000000ec180000,0x00000000ec180000,0x00000000ec400000)
 ParOldGen       total 44032K, used 0K [0x00000000c1400000, 0x00000000c3f00000, 0x00000000eb180000)
  object space 44032K, 0% used [0x00000000c1400000,0x00000000c1400000,0x00000000c3f00000)
 Metaspace       used 752K, capacity 4480K, committed 4480K, reserved 1056768K
  class space    used 76K, capacity 384K, committed 384K, reserved 1048576K

Card table byte_map: [0x0000014bee9d0000,0x0000014beebd0000] byte_map_base: 0x0000014bee3c6000

Marking Bits: (ParMarkBitMap*) 0x0000000066694fb0
 Begin Bits: [0x0000014beed20000, 0x0000014befcd0000)
 End Bits:   [0x0000014befcd0000, 0x0000014bf0c80000)

Polling page: 0x0000014bddd10000

CodeCache: size=245760Kb used=328Kb max_used=328Kb free=245431Kb
 bounds [0x0000014bdf610000, 0x0000014bdf880000, 0x0000014bee610000]
 total_blobs=58 nmethods=0 adapters=38
 compilation: enabled

Compilation events (0 events):
No events

GC Heap History (0 events):
No events

Deoptimization events (0 events):
No events

Classes redefined (0 events):
No events

Internal exceptions (0 events):
No events

Events (10 events):
Event: 0.184 loading class java/lang/Short
Event: 0.184 loading class java/lang/Short done
Event: 0.184 loading class java/lang/Integer
Event: 0.184 loading class java/lang/Integer done
Event: 0.184 loading class java/lang/Long
Event: 0.184 loading class java/lang/Long done
Event: 0.186 loading class java/lang/NullPointerException
Event: 0.187 loading class java/lang/NullPointerException done
Event: 0.187 loading class java/lang/ArithmeticException
Event: 0.187 loading class java/lang/ArithmeticException done


Dynamic libraries:
0x00007ff644af0000 - 0x00007ff644b37000 	C:\Program Files\Java\jre1.8.0_261\bin\javaw.exe
0x00007ffb970b0000 - 0x00007ffb972a6000 	C:\WINDOWS\SYSTEM32\ntdll.dll
0x00007ffb95340000 - 0x00007ffb953fd000 	C:\WINDOWS\System32\KERNEL32.DLL
0x00007ffb94aa0000 - 0x00007ffb94d69000 	C:\WINDOWS\System32\KERNELBASE.dll
0x00007ffb96360000 - 0x00007ffb9640c000 	C:\WINDOWS\System32\ADVAPI32.dll
0x00007ffb96560000 - 0x00007ffb965fe000 	C:\WINDOWS\System32\msvcrt.dll
0x00007ffb95b70000 - 0x00007ffb95c0c000 	C:\WINDOWS\System32\sechost.dll
0x00007ffb95410000 - 0x00007ffb9553b000 	C:\WINDOWS\System32\RPCRT4.dll
0x00007ffb96d20000 - 0x00007ffb96ec0000 	C:\WINDOWS\System32\USER32.dll
0x00007ffb94890000 - 0x00007ffb948b2000 	C:\WINDOWS\System32\win32u.dll
0x00007ffb96480000 - 0x00007ffb964aa000 	C:\WINDOWS\System32\GDI32.dll
0x00007ffb94fb0000 - 0x00007ffb950bb000 	C:\WINDOWS\System32\gdi32full.dll
0x00007ffb947f0000 - 0x00007ffb9488d000 	C:\WINDOWS\System32\msvcp_win.dll
0x00007ffb94970000 - 0x00007ffb94a70000 	C:\WINDOWS\System32\ucrtbase.dll
0x00007ffb88ae0000 - 0x00007ffb88d7b000 	C:\WINDOWS\WinSxS\amd64_microsoft.windows.common-controls_6595b64144ccf1df_6.0.19041.746_none_ca02b4b61b8320a4\COMCTL32.dll
0x00007ffb96530000 - 0x00007ffb96560000 	C:\WINDOWS\System32\IMM32.DLL
0x00007ffb8e0f0000 - 0x00007ffb8e105000 	C:\Program Files\Java\jre1.8.0_261\bin\vcruntime140.dll
0x00007ffb7e660000 - 0x00007ffb7e6fb000 	C:\Program Files\Java\jre1.8.0_261\bin\msvcp140.dll
0x0000000065ea0000 - 0x000000006670c000 	C:\Program Files\Java\jre1.8.0_261\bin\server\jvm.dll
0x00007ffb95400000 - 0x00007ffb95408000 	C:\WINDOWS\System32\PSAPI.DLL
0x00007ffb930e0000 - 0x00007ffb930e9000 	C:\WINDOWS\SYSTEM32\WSOCK32.dll
0x00007ffb96410000 - 0x00007ffb9647b000 	C:\WINDOWS\System32\WS2_32.dll
0x00007ffb89a40000 - 0x00007ffb89a67000 	C:\WINDOWS\SYSTEM32\WINMM.dll
0x00007ffb8cd00000 - 0x00007ffb8cd0a000 	C:\WINDOWS\SYSTEM32\VERSION.dll
0x00007ffb93330000 - 0x00007ffb93342000 	C:\WINDOWS\SYSTEM32\kernel.appcore.dll
0x00007ffb8e060000 - 0x00007ffb8e070000 	C:\Program Files\Java\jre1.8.0_261\bin\verify.dll
0x00007ffb7ec40000 - 0x00007ffb7ec6b000 	C:\Program Files\Java\jre1.8.0_261\bin\java.dll
0x00007ffb89d90000 - 0x00007ffb89da8000 	C:\Program Files\Java\jre1.8.0_261\bin\zip.dll
0x00007ffb925c0000 - 0x00007ffb927a4000 	C:\WINDOWS\SYSTEM32\dbghelp.dll
0x00007ffb94ed0000 - 0x00007ffb94f50000 	C:\WINDOWS\System32\bcryptPrimitives.dll

VM Arguments:
jvm_args: -ea -Dfile.encoding=Cp1252 
java_command: org.eclipse.jdt.internal.junit.runner.RemoteTestRunner -version 3 -port 50835 -testLoaderClass org.eclipse.jdt.internal.junit4.runner.JUnit4TestLoader -loaderpluginname org.eclipse.jdt.junit4.runtime -classNames textgen.MyLinkedListTester
java_class_path (initial): A:\Java\MOOCTextEditor\bin;C:\Users\abhi\.p2\pool\plugins\org.junit_4.12.0.v201504281640\junit.jar;C:\Users\abhi\.p2\pool\plugins\org.hamcrest.core_1.3.0.v20180420-1519.jar;A:\Java\MOOCTextEditor\lib\richtextfx-fat-0.6.10.jar;C:\Users\abhi\eclipse\java-2019-03\eclipse\configuration\org.eclipse.osgi\224\0\.cp;C:\Users\abhi\eclipse\java-2019-03\eclipse\configuration\org.eclipse.osgi\223\0\.cp
Launcher Type: SUN_STANDARD

Environment Variables:
PATH=C:/Program Files/Java/jre1.8.0_261/bin/server;C:/Program Files/Java/jre1.8.0_261/bin;C:/Program Files/Java/jre1.8.0_261/lib/amd64;C:\Program Files (x86)\Common Files\Oracle\Java\javapath;C:\iverilog\bin;C:\Program Files\Intel\iCLS Client\;C:\WINDOWS\system32;C:\WINDOWS;C:\WINDOWS\System32\Wbem;C:\WINDOWS\System32\WindowsPowerShell\v1.0\;C:\Program Files (x86)\Intel\Intel(R) Management Engine Components\DAL;C:\Program Files\Intel\Intel(R) Management Engine Components\DAL;C:\Program Files (x86)\Intel\Intel(R) Management Engine Components\IPT;C:\Program Files\Intel\Intel(R) Management Engine Components\IPT;C:\iverilog\gtkwave\bin;C:\Program Files\Microsoft VS Code\bin;C:\Users\abhi\Anaconda3;C:\WINDOWS\System32\OpenSSH\;C:\Program Files (x86)\STMicroelectronics\STM32 ST-LINK Utility\ST-LINK Utility;C:\Program Files\Inkscape\bin;C:\Program Files\Git\cmd;C:\Program Files\nodejs\;C:\Users\abhi\AppData\Local\Programs\Python\Python37\Scripts\;C:\Users\abhi\AppData\Local\Programs\Python\Python37\;C:\Users\abhi\AppData\Local\Programs\Python\Python35\Scripts\;C:\Users\abhi\AppData\Local\Programs\Python\Python35\;C:\Users\abhi\AppData\Local\Microsoft\WindowsApps;C:\Users\abhi\AppData\Roaming\npm;;C:\Users\abhi\Desktop;
USERNAME=abhi
OS=Windows_NT
PROCESSOR_IDENTIFIER=Intel64 Family 6 Model 61 Stepping 4, GenuineIntel



---------------  S Y S T E M  ---------------

OS: Windows 10.0 , 64 bit Build 19041 (10.0.19041.804)

CPU:total 4 (initial active 4) (2 cores per cpu, 2 threads per core) family 6 model 61 stepping 4, cmov, cx8, fxsr, mmx, sse, sse2, sse3, ssse3, sse4.1, sse4.2, popcnt, avx, avx2, aes, clmul, erms, 3dnowpref, lzcnt, ht, tsc, tscinvbit, bmi1, bmi2, adx

Memory: 4k page, physical 4107276k(283932k free), swap 5537804k(5308k free)

vm_info: Java HotSpot(TM) 64-Bit Server VM (25.261-b12) for windows-amd64 JRE (1.8.0_261-b12), built on Jun 18 2020 06:56:32 by "" with unknown MS VC++:1916

time: Tue Feb 16 12:08:15 2021
timezone: India Standard Time
elapsed time: 0 seconds (0d 0h 0m 0s)

